[11:08:04] [Client thread/INFO]: Setting user: Player289
[11:08:08] [Client thread/INFO]: LWJGL Version: 2.9.4
[11:08:11] [Client thread/INFO]: Reloading ResourceManager: Default, FMLFileResourcePack:Forge Mod Loader, FMLFileResourcePack:Minecraft Forge, FMLFileResourcePack:Devin has chickens
[11:08:15] [Sound Library Loader/INFO]: Starting up SoundSystem...
[11:08:16] [Thread-7/INFO]: Initializing LWJGL OpenAL
[11:08:16] [Thread-7/INFO]: (The LWJGL binding of OpenAL.  For more information, see http://www.lwjgl.org)
[11:08:16] [Thread-7/INFO]: OpenAL initialized.
[11:08:16] [Sound Library Loader/INFO]: Sound engine started
[11:08:21] [Client thread/INFO]: Created: 16x16 textures-atlas
[11:08:22] [Client thread/INFO]: Reloading ResourceManager: Default, FMLFileResourcePack:Forge Mod Loader, FMLFileResourcePack:Minecraft Forge, FMLFileResourcePack:Devin has chickens
[11:08:25] [Client thread/INFO]: SoundSystem shutting down...
[11:08:26] [Client thread/WARN]: Author: Paul Lamb, www.paulscode.com
[11:08:26] [Sound Library Loader/INFO]: Starting up SoundSystem...
[11:08:26] [Thread-9/INFO]: Initializing LWJGL OpenAL
[11:08:26] [Thread-9/INFO]: (The LWJGL binding of OpenAL.  For more information, see http://www.lwjgl.org)
[11:08:26] [Thread-9/INFO]: OpenAL initialized.
[11:08:26] [Sound Library Loader/INFO]: Sound engine started
[11:08:31] [Client thread/INFO]: Created: 512x512 textures-atlas
[11:08:33] [Realms Notification Availability checker #1/INFO]: Could not authorize you against Realms server: Invalid session id
[11:11:03] [Server thread/INFO]: Starting integrated minecraft server version 1.11.2
[11:11:03] [Server thread/INFO]: Generating keypair
[11:11:04] [Server thread/INFO]: Preparing start region for level 0
[11:11:05] [Server thread/INFO]: Preparing spawn area: 10%
[11:11:06] [Server thread/INFO]: Preparing spawn area: 21%
[11:11:07] [Server thread/INFO]: Preparing spawn area: 33%
[11:11:08] [Server thread/INFO]: Preparing spawn area: 48%
[11:11:09] [Server thread/INFO]: Preparing spawn area: 61%
[11:11:10] [Server thread/INFO]: Preparing spawn area: 73%
[11:11:11] [Server thread/INFO]: Preparing spawn area: 88%
[11:11:12] [Server thread/INFO]: Changing view distance to 12, from 10
[11:11:14] [Server thread/INFO]: Player289[local:E:8926ceee] logged in with entity id 1352 at (16.5, 67.0, 252.5)
[11:11:14] [Server thread/INFO]: Player289 joined the game
[11:11:15] [Server thread/INFO]: Saving and pausing game...
[11:11:15] [Server thread/INFO]: Saving chunks for level 'OccWorld'/Overworld
[11:11:16] [pool-2-thread-1/WARN]: Couldn't look up profile properties for com.mojang.authlib.GameProfile@5191a9a8[id=b17d2796-eeb1-3028-a752-0764d6d5550d,name=Player289,properties={},legacy=false]
com.mojang.authlib.exceptions.AuthenticationException: The client has sent too many requests within a certain amount of time
	at com.mojang.authlib.yggdrasil.YggdrasilAuthenticationService.makeRequest(YggdrasilAuthenticationService.java:79) ~[YggdrasilAuthenticationService.class:?]
	at com.mojang.authlib.yggdrasil.YggdrasilMinecraftSessionService.fillGameProfile(YggdrasilMinecraftSessionService.java:180) [YggdrasilMinecraftSessionService.class:?]
	at com.mojang.authlib.yggdrasil.YggdrasilMinecraftSessionService$1.load(YggdrasilMinecraftSessionService.java:60) [YggdrasilMinecraftSessionService$1.class:?]
	at com.mojang.authlib.yggdrasil.YggdrasilMinecraftSessionService$1.load(YggdrasilMinecraftSessionService.java:57) [YggdrasilMinecraftSessionService$1.class:?]
	at com.google.common.cache.LocalCache$LoadingValueReference.loadFuture(LocalCache.java:3524) [guava-17.0.jar:?]
	at com.google.common.cache.LocalCache$Segment.loadSync(LocalCache.java:2317) [guava-17.0.jar:?]
	at com.google.common.cache.LocalCache$Segment.lockedGetOrLoad(LocalCache.java:2280) [guava-17.0.jar:?]
	at com.google.common.cache.LocalCache$Segment.get(LocalCache.java:2195) [guava-17.0.jar:?]
	at com.google.common.cache.LocalCache.get(LocalCache.java:3934) [guava-17.0.jar:?]
	at com.google.common.cache.LocalCache.getOrLoad(LocalCache.java:3938) [guava-17.0.jar:?]
	at com.google.common.cache.LocalCache$LocalLoadingCache.get(LocalCache.java:4821) [guava-17.0.jar:?]
	at com.google.common.cache.LocalCache$LocalLoadingCache.getUnchecked(LocalCache.java:4827) [guava-17.0.jar:?]
	at com.mojang.authlib.yggdrasil.YggdrasilMinecraftSessionService.fillProfileProperties(YggdrasilMinecraftSessionService.java:170) [YggdrasilMinecraftSessionService.class:?]
	at net.minecraft.client.Minecraft.getProfileProperties(Minecraft.java:3056) [Minecraft.class:?]
	at net.minecraft.client.resources.SkinManager$3.run(SkinManager.java:138) [SkinManager$3.class:?]
	at java.util.concurrent.Executors$RunnableAdapter.call(Unknown Source) [?:1.8.0_211]
	at java.util.concurrent.FutureTask.run(Unknown Source) [?:1.8.0_211]
	at java.util.concurrent.ThreadPoolExecutor.runWorker(Unknown Source) [?:1.8.0_211]
	at java.util.concurrent.ThreadPoolExecutor$Worker.run(Unknown Source) [?:1.8.0_211]
	at java.lang.Thread.run(Unknown Source) [?:1.8.0_211]
[11:11:16] [Server thread/INFO]: Saving chunks for level 'OccWorld'/Nether
[11:11:16] [Server thread/INFO]: Saving chunks for level 'OccWorld'/The End
[11:11:16] [Server thread/WARN]: Can't keep up! Did the system time change, or is the server overloaded? Running 2634ms behind, skipping 52 tick(s)
[11:11:21] [Server thread/INFO]: Player289 has just earned the achievement [Taking Inventory]
[11:11:21] [Client thread/INFO]: [CHAT] Player289 has just earned the achievement [Taking Inventory]
[13:51:13] [Server thread/INFO]: Saving and pausing game...
[13:51:13] [Server thread/INFO]: Saving chunks for level 'OccWorld'/Overworld
[13:51:13] [Server thread/INFO]: Saving chunks for level 'OccWorld'/Nether
[13:51:13] [Server thread/INFO]: Saving chunks for level 'OccWorld'/The End
